<?xml version="1.0" encoding="UTF-8"?>
<!-- Generated by org.testng.reporters.JUnitReportReporter -->
<testsuite hostname="LAPTOP-48HCJLNU" failures="0" tests="162" name="testrunners.MyTestRunner" time="116.935" errors="0" timestamp="2023-08-02T13:06:07 EDT" skipped="0">
  <testcase classname="testrunners.MyTestRunner" name="runScenario" time="0.390"/>
  <testcase classname="testrunners.MyTestRunner" name="runScenario" time="1.020"/>
  <testcase classname="testrunners.MyTestRunner" name="runScenario" time="3.916"/>
  <testcase classname="testrunners.MyTestRunner" name="runScenario" time="0.436"/>
  <testcase classname="testrunners.MyTestRunner" name="runScenario" time="0.664"/>
  <testcase classname="testrunners.MyTestRunner" name="runScenario" time="0.770"/>
  <testcase classname="testrunners.MyTestRunner" name="runScenario" time="1.748"/>
  <testcase classname="testrunners.MyTestRunner" name="runScenario" time="0.205"/>
  <testcase classname="testrunners.MyTestRunner" name="runScenario" time="1.045"/>
  <testcase classname="testrunners.MyTestRunner" name="runScenario" time="0.459"/>
  <testcase classname="testrunners.MyTestRunner" name="runScenario" time="0.438"/>
  <testcase classname="testrunners.MyTestRunner" name="runScenario" time="0.236"/>
  <testcase classname="testrunners.MyTestRunner" name="runScenario" time="0.233"/>
  <testcase classname="testrunners.MyTestRunner" name="runScenario" time="3.605"/>
  <testcase classname="testrunners.MyTestRunner" name="runScenario" time="0.627"/>
  <testcase classname="testrunners.MyTestRunner" name="runScenario" time="0.212"/>
  <testcase classname="testrunners.MyTestRunner" name="runScenario" time="0.445"/>
  <testcase classname="testrunners.MyTestRunner" name="runScenario" time="1.066"/>
  <testcase classname="testrunners.MyTestRunner" name="runScenario" time="0.478"/>
  <testcase classname="testrunners.MyTestRunner" name="runScenario" time="0.453"/>
  <testcase classname="testrunners.MyTestRunner" name="runScenario" time="0.246"/>
  <testcase classname="testrunners.MyTestRunner" name="runScenario" time="0.810"/>
  <testcase classname="testrunners.MyTestRunner" name="runScenario" time="0.348"/>
  <testcase classname="testrunners.MyTestRunner" name="runScenario" time="0.495"/>
  <testcase classname="testrunners.MyTestRunner" name="runScenario" time="1.311"/>
  <testcase classname="testrunners.MyTestRunner" name="runScenario" time="0.459"/>
  <testcase classname="testrunners.MyTestRunner" name="runScenario" time="0.389"/>
  <testcase classname="testrunners.MyTestRunner" name="runScenario" time="0.661"/>
  <testcase classname="testrunners.MyTestRunner" name="runScenario" time="0.976"/>
  <testcase classname="testrunners.MyTestRunner" name="runScenario" time="1.384"/>
  <testcase classname="testrunners.MyTestRunner" name="runScenario" time="0.231"/>
  <testcase classname="testrunners.MyTestRunner" name="runScenario" time="1.218"/>
  <testcase classname="testrunners.MyTestRunner" name="runScenario" time="6.558"/>
  <testcase classname="testrunners.MyTestRunner" name="runScenario" time="1.008"/>
  <testcase classname="testrunners.MyTestRunner" name="runScenario" time="0.464"/>
  <testcase classname="testrunners.MyTestRunner" name="runScenario" time="0.235"/>
  <testcase classname="testrunners.MyTestRunner" name="runScenario" time="0.238"/>
  <testcase classname="testrunners.MyTestRunner" name="runScenario" time="1.184"/>
  <testcase classname="testrunners.MyTestRunner" name="runScenario" time="0.761"/>
  <testcase classname="testrunners.MyTestRunner" name="runScenario" time="0.253"/>
  <testcase classname="testrunners.MyTestRunner" name="runScenario" time="0.762"/>
  <testcase classname="testrunners.MyTestRunner" name="runScenario" time="0.993"/>
  <testcase classname="testrunners.MyTestRunner" name="runScenario" time="0.759"/>
  <testcase classname="testrunners.MyTestRunner" name="runScenario" time="1.293"/>
  <testcase classname="testrunners.MyTestRunner" name="runScenario" time="0.441"/>
  <testcase classname="testrunners.MyTestRunner" name="runScenario" time="0.856"/>
  <testcase classname="testrunners.MyTestRunner" name="runScenario" time="0.389"/>
  <testcase classname="testrunners.MyTestRunner" name="runScenario" time="0.538"/>
  <testcase classname="testrunners.MyTestRunner" name="runScenario" time="0.971"/>
  <testcase classname="testrunners.MyTestRunner" name="runScenario" time="0.236"/>
  <testcase classname="testrunners.MyTestRunner" name="runScenario" time="0.471"/>
  <testcase classname="testrunners.MyTestRunner" name="runScenario" time="0.542"/>
  <testcase classname="testrunners.MyTestRunner" name="runScenario" time="0.500"/>
  <testcase classname="testrunners.MyTestRunner" name="runScenario" time="0.806"/>
  <testcase classname="testrunners.MyTestRunner" name="runScenario" time="1.830"/>
  <testcase classname="testrunners.MyTestRunner" name="runScenario" time="0.563"/>
  <testcase classname="testrunners.MyTestRunner" name="runScenario" time="0.985"/>
  <testcase classname="testrunners.MyTestRunner" name="runScenario" time="0.544"/>
  <testcase classname="testrunners.MyTestRunner" name="runScenario" time="0.631"/>
  <testcase classname="testrunners.MyTestRunner" name="runScenario" time="2.404"/>
  <testcase classname="testrunners.MyTestRunner" name="runScenario" time="0.341"/>
  <testcase classname="testrunners.MyTestRunner" name="runScenario" time="0.323"/>
  <testcase classname="testrunners.MyTestRunner" name="runScenario" time="0.690"/>
  <testcase classname="testrunners.MyTestRunner" name="runScenario" time="0.363"/>
  <testcase classname="testrunners.MyTestRunner" name="runScenario" time="0.306"/>
  <testcase classname="testrunners.MyTestRunner" name="runScenario" time="0.444"/>
  <testcase classname="testrunners.MyTestRunner" name="runScenario" time="0.482"/>
  <testcase classname="testrunners.MyTestRunner" name="runScenario" time="0.454"/>
  <testcase classname="testrunners.MyTestRunner" name="runScenario" time="0.454"/>
  <testcase classname="testrunners.MyTestRunner" name="runScenario" time="2.602"/>
  <testcase classname="testrunners.MyTestRunner" name="runScenario" time="0.718"/>
  <testcase classname="testrunners.MyTestRunner" name="runScenario" time="0.233"/>
  <testcase classname="testrunners.MyTestRunner" name="runScenario" time="0.281"/>
  <testcase classname="testrunners.MyTestRunner" name="runScenario" time="0.446"/>
  <testcase classname="testrunners.MyTestRunner" name="runScenario" time="1.031"/>
  <testcase classname="testrunners.MyTestRunner" name="runScenario" time="1.054"/>
  <testcase classname="testrunners.MyTestRunner" name="runScenario" time="0.888"/>
  <testcase classname="testrunners.MyTestRunner" name="runScenario" time="0.464"/>
  <testcase classname="testrunners.MyTestRunner" name="runScenario" time="0.329"/>
  <testcase classname="testrunners.MyTestRunner" name="runScenario" time="0.419"/>
  <testcase classname="testrunners.MyTestRunner" name="runScenario" time="0.268"/>
  <testcase classname="testrunners.MyTestRunner" name="runScenario" time="0.737"/>
  <testcase classname="testrunners.MyTestRunner" name="runScenario" time="0.814"/>
  <testcase classname="testrunners.MyTestRunner" name="runScenario" time="0.374"/>
  <testcase classname="testrunners.MyTestRunner" name="runScenario" time="0.964"/>
  <testcase classname="testrunners.MyTestRunner" name="runScenario" time="0.532"/>
  <testcase classname="testrunners.MyTestRunner" name="runScenario" time="0.392"/>
  <testcase classname="testrunners.MyTestRunner" name="runScenario" time="0.446"/>
  <testcase classname="testrunners.MyTestRunner" name="runScenario" time="1.058"/>
  <testcase classname="testrunners.MyTestRunner" name="runScenario" time="0.440"/>
  <testcase classname="testrunners.MyTestRunner" name="runScenario" time="0.340"/>
  <testcase classname="testrunners.MyTestRunner" name="runScenario" time="0.354"/>
  <testcase classname="testrunners.MyTestRunner" name="runScenario" time="0.271"/>
  <testcase classname="testrunners.MyTestRunner" name="runScenario" time="0.427"/>
  <testcase classname="testrunners.MyTestRunner" name="runScenario" time="0.204"/>
  <testcase classname="testrunners.MyTestRunner" name="runScenario" time="0.438"/>
  <testcase classname="testrunners.MyTestRunner" name="runScenario" time="0.423"/>
  <testcase classname="testrunners.MyTestRunner" name="runScenario" time="0.612"/>
  <testcase classname="testrunners.MyTestRunner" name="runScenario" time="0.530"/>
  <testcase classname="testrunners.MyTestRunner" name="runScenario" time="1.528"/>
  <testcase classname="testrunners.MyTestRunner" name="runScenario" time="0.458"/>
  <testcase classname="testrunners.MyTestRunner" name="runScenario" time="1.003"/>
  <testcase classname="testrunners.MyTestRunner" name="runScenario" time="0.902"/>
  <testcase classname="testrunners.MyTestRunner" name="runScenario" time="0.632"/>
  <testcase classname="testrunners.MyTestRunner" name="runScenario" time="0.387"/>
  <testcase classname="testrunners.MyTestRunner" name="runScenario" time="0.428"/>
  <testcase classname="testrunners.MyTestRunner" name="runScenario" time="0.295"/>
  <testcase classname="testrunners.MyTestRunner" name="runScenario" time="0.316"/>
  <testcase classname="testrunners.MyTestRunner" name="runScenario" time="0.740"/>
  <testcase classname="testrunners.MyTestRunner" name="runScenario" time="0.649"/>
  <testcase classname="testrunners.MyTestRunner" name="runScenario" time="1.224"/>
  <testcase classname="testrunners.MyTestRunner" name="runScenario" time="0.247"/>
  <testcase classname="testrunners.MyTestRunner" name="runScenario" time="0.812"/>
  <testcase classname="testrunners.MyTestRunner" name="runScenario" time="0.244"/>
  <testcase classname="testrunners.MyTestRunner" name="runScenario" time="3.459"/>
  <testcase classname="testrunners.MyTestRunner" name="runScenario" time="1.057"/>
  <testcase classname="testrunners.MyTestRunner" name="runScenario" time="0.679"/>
  <testcase classname="testrunners.MyTestRunner" name="runScenario" time="1.014"/>
  <testcase classname="testrunners.MyTestRunner" name="runScenario" time="0.215"/>
  <testcase classname="testrunners.MyTestRunner" name="runScenario" time="0.244"/>
  <testcase classname="testrunners.MyTestRunner" name="runScenario" time="1.619"/>
  <testcase classname="testrunners.MyTestRunner" name="runScenario" time="1.027"/>
  <testcase classname="testrunners.MyTestRunner" name="runScenario" time="0.460"/>
  <testcase classname="testrunners.MyTestRunner" name="runScenario" time="0.330"/>
  <testcase classname="testrunners.MyTestRunner" name="runScenario" time="0.089"/>
  <testcase classname="testrunners.MyTestRunner" name="runScenario" time="0.473"/>
  <testcase classname="testrunners.MyTestRunner" name="runScenario" time="0.269"/>
  <testcase classname="testrunners.MyTestRunner" name="runScenario" time="0.774"/>
  <testcase classname="testrunners.MyTestRunner" name="runScenario" time="0.225"/>
  <testcase classname="testrunners.MyTestRunner" name="runScenario" time="0.412"/>
  <testcase classname="testrunners.MyTestRunner" name="runScenario" time="0.239"/>
  <testcase classname="testrunners.MyTestRunner" name="runScenario" time="0.377"/>
  <testcase classname="testrunners.MyTestRunner" name="runScenario" time="1.068"/>
  <testcase classname="testrunners.MyTestRunner" name="runScenario" time="1.036"/>
  <testcase classname="testrunners.MyTestRunner" name="runScenario" time="0.211"/>
  <testcase classname="testrunners.MyTestRunner" name="runScenario" time="0.740"/>
  <testcase classname="testrunners.MyTestRunner" name="runScenario" time="0.448"/>
  <testcase classname="testrunners.MyTestRunner" name="runScenario" time="0.850"/>
  <testcase classname="testrunners.MyTestRunner" name="runScenario" time="0.270"/>
  <testcase classname="testrunners.MyTestRunner" name="runScenario" time="0.355"/>
  <testcase classname="testrunners.MyTestRunner" name="runScenario" time="0.983"/>
  <testcase classname="testrunners.MyTestRunner" name="runScenario" time="0.691"/>
  <testcase classname="testrunners.MyTestRunner" name="runScenario" time="0.685"/>
  <testcase classname="testrunners.MyTestRunner" name="runScenario" time="0.789"/>
  <testcase classname="testrunners.MyTestRunner" name="runScenario" time="0.611"/>
  <testcase classname="testrunners.MyTestRunner" name="runScenario" time="0.353"/>
  <testcase classname="testrunners.MyTestRunner" name="runScenario" time="0.739"/>
  <testcase classname="testrunners.MyTestRunner" name="runScenario" time="0.825"/>
  <testcase classname="testrunners.MyTestRunner" name="runScenario" time="0.276"/>
  <testcase classname="testrunners.MyTestRunner" name="runScenario" time="1.033"/>
  <testcase classname="testrunners.MyTestRunner" name="runScenario" time="2.040"/>
  <testcase classname="testrunners.MyTestRunner" name="runScenario" time="0.233"/>
  <testcase classname="testrunners.MyTestRunner" name="runScenario" time="0.181"/>
  <testcase classname="testrunners.MyTestRunner" name="runScenario" time="0.462"/>
  <testcase classname="testrunners.MyTestRunner" name="runScenario" time="0.747"/>
  <testcase classname="testrunners.MyTestRunner" name="runScenario" time="0.396"/>
  <testcase classname="testrunners.MyTestRunner" name="runScenario" time="0.244"/>
  <testcase classname="testrunners.MyTestRunner" name="runScenario" time="0.225"/>
  <testcase classname="testrunners.MyTestRunner" name="runScenario" time="0.422"/>
  <testcase classname="testrunners.MyTestRunner" name="runScenario" time="0.495"/>
  <testcase classname="testrunners.MyTestRunner" name="runScenario" time="0.349"/>
  <testcase classname="testrunners.MyTestRunner" name="runScenario" time="0.216"/>
</testsuite> <!-- testrunners.MyTestRunner -->
